#
# There is insufficient memory for the Java Runtime Environment to continue.
# Native memory allocation (mmap) failed to map 134217728 bytes for G1 virtual space
# Possible reasons:
#   The system is out of physical RAM or swap space
#   The process is running with CompressedOops enabled, and the Java Heap may be blocking the growth of the native heap
# Possible solutions:
#   Reduce memory load on the system
#   Increase physical memory or swap space
#   Check if swap backing store is full
#   Decrease Java heap size (-Xmx/-Xms)
#   Decrease number of Java threads
#   Decrease Java thread stack sizes (-Xss)
#   Set larger code cache with -XX:ReservedCodeCacheSize=
#   JVM is running with Unscaled Compressed Oops mode in which the Java heap is
#     placed in the first 4GB address space. The Java Heap base address is the
#     maximum limit for the native heap growth. Please use -XX:HeapBaseMinAddress
#     to set the Java Heap base and to place the Java Heap above 4GB virtual address.
# This output file may be truncated or incomplete.
#
#  Out of Memory Error (./open/src/hotspot/os/windows/os_windows.cpp:3472), pid=20024, tid=20072
#
# JRE version:  (15.0.1+9) (build )
# Java VM: OpenJDK 64-Bit Server VM (15.0.1+9-18, mixed mode, sharing, tiered, compressed oops, g1 gc, windows-amd64)
# No core dump will be written. Minidumps are not enabled by default on client versions of Windows
#

---------------  S U M M A R Y ------------

Command Line: -Dfile.encoding=UTF-8 -XX:+ShowCodeDetailsInExceptionMessages GameSapXepSo.GameSapXepSo

Host: Intel(R) Core(TM) i7-5500U CPU @ 2.40GHz, 4 cores, 7G,  Windows 10 , 64 bit Build 19041 (10.0.19041.928)
Time: Tue Apr 20 03:53:14 2021 SE Asia Standard Time elapsed time: 0.014270 seconds (0d 0h 0m 0s)

---------------  T H R E A D  ---------------

Current thread (0x000001af00c9ea70):  JavaThread "Unknown thread" [_thread_in_vm, id=20072, stack(0x0000002bdc400000,0x0000002bdc500000)]

Stack: [0x0000002bdc400000,0x0000002bdc500000]
Native frames: (J=compiled Java code, j=interpreted, Vv=VM code, C=native code)
V  [jvm.dll+0x62ae9a]
V  [jvm.dll+0x781389]
V  [jvm.dll+0x782ae3]
V  [jvm.dll+0x783143]
V  [jvm.dll+0x216265]
V  [jvm.dll+0x6281d9]
V  [jvm.dll+0x61cd15]
V  [jvm.dll+0x2d01fd]
V  [jvm.dll+0x2d0062]
V  [jvm.dll+0x2d603c]
V  [jvm.dll+0x325b2a]
V  [jvm.dll+0x3251f4]
V  [jvm.dll+0x2a717a]
V  [jvm.dll+0x2a8318]
V  [jvm.dll+0x75e101]
V  [jvm.dll+0x3343e4]
V  [jvm.dll+0x73e826]
V  [jvm.dll+0x3b7777]
V  [jvm.dll+0x3b9201]
C  [jli.dll+0x52fb]
C  [ucrtbase.dll+0x21bb2]
C  [KERNEL32.DLL+0x17034]
C  [ntdll.dll+0x52651]


---------------  P R O C E S S  ---------------

Threads class SMR info:
_java_thread_list=0x00007ff817634ff0, length=0, elements={
}

Java Threads: ( => current thread )

Other Threads:
  0x000001af00cdf050 GCTaskThread "GC Thread#0" [stack: 0x0000002bdc500000,0x0000002bdc600000] [id=20080]
  0x000001af00cf1660 ConcurrentGCThread "G1 Main Marker" [stack: 0x0000002bdc600000,0x0000002bdc700000] [id=20076]
  0x000001af00cf3170 ConcurrentGCThread "G1 Conc#0" [stack: 0x0000002bdc700000,0x0000002bdc800000] [id=20084]

[error occurred during error reporting (printing all threads), id 0xc0000005, EXCEPTION_ACCESS_VIOLATION (0xc0000005) at pc=0x00007ff816e28047]

VM state: not at safepoint (not fully initialized)

VM Mutex/Monitor currently owned by a thread:  ([mutex/lock_event])
[0x000001af00c9ba30] Heap_lock - owner thread: 0x000001af00c9ea70

Heap address: 0x0000000081800000, size: 2024 MB, Compressed Oops mode: 32-bit
CDS archive(s) mapped at: [0x0000000000000000-0x0000000000000000-0x0000000000000000), size 0, SharedBaseAddress: 0x0000000800000000, ArchiveRelocationMode: 0.
Narrow klass base: 0x0000000000000000, Narrow klass shift: 0, Narrow klass range: 0x0

Heap:
 garbage-first heap   total 131072K, used 0K [0x0000000081800000, 0x0000000100000000)
  region size 1024K, 0 young (0K), 0 survivors (0K)
 Metaspace       used 0K, capacity 0K, committed 0K, reserved 0K
  class space    used 0K, capacity 0K, committed 0K, reserved 0K

Heap Regions: E=young(eden), S=young(survivor), O=old, HS=humongous(starts), HC=humongous(continues), CS=collection set, F=free, OA=open archive, CA=closed archive, TAMS=top-at-mark-start (previous, next)

Card table byte_map: [0x000001af158c0000,0x000001af15cc0000] _byte_map_base: 0x000001af154b4000

Marking Bits (Prev, Next): (CMBitMap*) 0x000001af00cdf7d0, (CMBitMap*) 0x000001af00cdf810
 Prev Bits: [0x000001af160c0000, 0x000001af18060000)
 Next Bits: [0x000001af18060000, 0x000001af1a000000)

GC Heap History (0 events):
No events

Deoptimization events (0 events):
No events

Classes unloaded (0 events):
No events

Classes redefined (0 events):
No events

Internal exceptions (0 events):
No events

Events (1 events):
Event: 0.007 Loaded shared library C:\Users\hai\.p2\pool\plugins\org.eclipse.justj.openjdk.hotspot.jre.full.win32.x86_64_15.0.1.v20201027-0507\jre\bin\java.dll


Dynamic libraries:
0x00007ff687cb0000 - 0x00007ff687cbd000 	C:\Users\hai\.p2\pool\plugins\org.eclipse.justj.openjdk.hotspot.jre.full.win32.x86_64_15.0.1.v20201027-0507\jre\bin\javaw.exe
0x00007ff853870000 - 0x00007ff853a65000 	C:\WINDOWS\SYSTEM32\ntdll.dll
0x00007ff851f00000 - 0x00007ff851fbd000 	C:\WINDOWS\System32\KERNEL32.DLL
0x00007ff851420000 - 0x00007ff8516e8000 	C:\WINDOWS\System32\KERNELBASE.dll
0x00007ff851220000 - 0x00007ff851320000 	C:\WINDOWS\System32\ucrtbase.dll
0x00007ff84b310000 - 0x00007ff84b328000 	C:\Users\hai\.p2\pool\plugins\org.eclipse.justj.openjdk.hotspot.jre.full.win32.x86_64_15.0.1.v20201027-0507\jre\bin\jli.dll
0x00007ff8532e0000 - 0x00007ff853480000 	C:\WINDOWS\System32\USER32.dll
0x00007ff8518a0000 - 0x00007ff8518c2000 	C:\WINDOWS\System32\win32u.dll
0x00007ff84b2f0000 - 0x00007ff84b309000 	C:\Users\hai\.p2\pool\plugins\org.eclipse.justj.openjdk.hotspot.jre.full.win32.x86_64_15.0.1.v20201027-0507\jre\bin\VCRUNTIME140.dll
0x00007ff853480000 - 0x00007ff8534aa000 	C:\WINDOWS\System32\GDI32.dll
0x00007ff840bd0000 - 0x00007ff840e6a000 	C:\WINDOWS\WinSxS\amd64_microsoft.windows.common-controls_6595b64144ccf1df_6.0.19041.844_none_ca00b6081b84eb1d\COMCTL32.dll
0x00007ff850fb0000 - 0x00007ff8510bb000 	C:\WINDOWS\System32\gdi32full.dll
0x00007ff851e60000 - 0x00007ff851efe000 	C:\WINDOWS\System32\msvcrt.dll
0x00007ff8516f0000 - 0x00007ff85178d000 	C:\WINDOWS\System32\msvcp_win.dll
0x00007ff851e30000 - 0x00007ff851e60000 	C:\WINDOWS\System32\IMM32.DLL
0x00007ff84b2e0000 - 0x00007ff84b2ec000 	C:\Users\hai\.p2\pool\plugins\org.eclipse.justj.openjdk.hotspot.jre.full.win32.x86_64_15.0.1.v20201027-0507\jre\bin\vcruntime140_1.dll
0x00007ff821c80000 - 0x00007ff821d11000 	C:\Users\hai\.p2\pool\plugins\org.eclipse.justj.openjdk.hotspot.jre.full.win32.x86_64_15.0.1.v20201027-0507\jre\bin\msvcp140.dll
0x00007ff816b70000 - 0x00007ff8176ce000 	C:\Users\hai\.p2\pool\plugins\org.eclipse.justj.openjdk.hotspot.jre.full.win32.x86_64_15.0.1.v20201027-0507\jre\bin\server\jvm.dll
0x00007ff8528e0000 - 0x00007ff85298c000 	C:\WINDOWS\System32\ADVAPI32.dll
0x00007ff851ff0000 - 0x00007ff85208b000 	C:\WINDOWS\System32\sechost.dll
0x00007ff853560000 - 0x00007ff85368b000 	C:\WINDOWS\System32\RPCRT4.dll
0x00007ff852790000 - 0x00007ff852798000 	C:\WINDOWS\System32\PSAPI.DLL
0x00007ff843cd0000 - 0x00007ff843cf7000 	C:\WINDOWS\SYSTEM32\WINMM.dll
0x00007ff84f770000 - 0x00007ff84f779000 	C:\WINDOWS\SYSTEM32\WSOCK32.dll
0x00007ff8450f0000 - 0x00007ff8450fa000 	C:\WINDOWS\SYSTEM32\VERSION.dll
0x00007ff8527a0000 - 0x00007ff85280b000 	C:\WINDOWS\System32\WS2_32.dll
0x00007ff84f8b0000 - 0x00007ff84f8c2000 	C:\WINDOWS\SYSTEM32\kernel.appcore.dll
0x00007ff8315c0000 - 0x00007ff8315ca000 	C:\Users\hai\.p2\pool\plugins\org.eclipse.justj.openjdk.hotspot.jre.full.win32.x86_64_15.0.1.v20201027-0507\jre\bin\jimage.dll
0x00007ff84edb0000 - 0x00007ff84ef94000 	C:\WINDOWS\SYSTEM32\DBGHELP.DLL
0x00007ff83e450000 - 0x00007ff83e47c000 	C:\WINDOWS\SYSTEM32\dbgcore.DLL
0x00007ff851350000 - 0x00007ff8513d0000 	C:\WINDOWS\System32\bcryptPrimitives.dll
0x00007ff81a010000 - 0x00007ff81a035000 	C:\Users\hai\.p2\pool\plugins\org.eclipse.justj.openjdk.hotspot.jre.full.win32.x86_64_15.0.1.v20201027-0507\jre\bin\java.dll

dbghelp: loaded successfully - version: 4.0.5 - missing functions: none
symbol engine: initialized successfully - sym options: 0x614 - pdb path: .;C:\Users\hai\.p2\pool\plugins\org.eclipse.justj.openjdk.hotspot.jre.full.win32.x86_64_15.0.1.v20201027-0507\jre\bin;C:\WINDOWS\SYSTEM32;C:\WINDOWS\WinSxS\amd64_microsoft.windows.common-controls_6595b64144ccf1df_6.0.19041.844_none_ca00b6081b84eb1d;C:\Users\hai\.p2\pool\plugins\org.eclipse.justj.openjdk.hotspot.jre.full.win32.x86_64_15.0.1.v20201027-0507\jre\bin\server

VM Arguments:
jvm_args: -Dfile.encoding=UTF-8 -XX:+ShowCodeDetailsInExceptionMessages 
java_command: GameSapXepSo.GameSapXepSo
java_class_path (initial): C:\Users\hai\Downloads\QLDA\QLDA\bin
Launcher Type: SUN_STANDARD

[Global flags]
     intx CICompilerCount                          = 3                                         {product} {ergonomic}
     uint ConcGCThreads                            = 1                                         {product} {ergonomic}
     uint G1ConcRefinementThreads                  = 4                                         {product} {ergonomic}
   size_t G1HeapRegionSize                         = 1048576                                   {product} {ergonomic}
    uintx GCDrainStackTargetSize                   = 64                                        {product} {ergonomic}
   size_t InitialHeapSize                          = 134217728                                 {product} {ergonomic}
   size_t MarkStackSize                            = 4194304                                   {product} {ergonomic}
   size_t MaxHeapSize                              = 2122317824                                {product} {ergonomic}
   size_t MinHeapDeltaBytes                        = 1048576                                   {product} {ergonomic}
   size_t MinHeapSize                              = 8388608                                   {product} {ergonomic}
    uintx NonNMethodCodeHeapSize                   = 5832780                                {pd product} {ergonomic}
    uintx NonProfiledCodeHeapSize                  = 122912730                              {pd product} {ergonomic}
    uintx ProfiledCodeHeapSize                     = 122912730                              {pd product} {ergonomic}
    uintx ReservedCodeCacheSize                    = 251658240                              {pd product} {ergonomic}
     bool SegmentedCodeCache                       = true                                      {product} {ergonomic}
     bool ShowCodeDetailsInExceptionMessages       = true                                   {manageable} {command line}
   size_t SoftMaxHeapSize                          = 2122317824                             {manageable} {ergonomic}
     bool UseCompressedClassPointers               = true                                 {lp64_product} {ergonomic}
     bool UseCompressedOops                        = true                                 {lp64_product} {ergonomic}
     bool UseG1GC                                  = true                                      {product} {ergonomic}
     bool UseLargePagesIndividualAllocation        = false                                  {pd product} {ergonomic}

Logging:
Log output configuration:
 #0: stdout all=warning uptime,level,tags
 #1: stderr all=off uptime,level,tags

Environment Variables:
PATH=C:/Users/hai/.p2/pool/plugins/org.eclipse.justj.openjdk.hotspot.jre.full.win32.x86_64_15.0.1.v20201027-0507/jre/bin/server;C:/Users/hai/.p2/pool/plugins/org.eclipse.justj.openjdk.hotspot.jre.full.win32.x86_64_15.0.1.v20201027-0507/jre/bin;C:\ProgramData\Oracle\Java\javapath;C:\WINDOWS\system32;C:\WINDOWS;C:\WINDOWS\System32\Wbem;C:\WINDOWS\System32\WindowsPowerShell\v1.0\;C:\WINDOWS\System32\OpenSSH\;C:\Users\hai\Downloads\jdk-15.0.1_windows-x64_bin\jdk-15.0.1\bin;D:\MinGW\include;D:\MinGW\bin;D:\FPC\3.0.4\bin;C:\FPC\3.2.0\bin\i386-Win32;C:\Program Files\Microsoft SQL Server\Client SDK\ODBC\170\Tools\Binn\;C:\Program Files (x86)\Microsoft SQL Server\150\Tools\Binn\;C:\Program Files\Microsoft SQL Server\150\Tools\Binn\;C:\Program Files\Microsoft SQL Server\150\DTS\Binn\;C:\Program Files (x86)\Microsoft SQL Server\150\DTS\Binn\;C:\Program Files\Azure Data Studio\bin;C:\Users\hai\AppData\Local\Programs\Python\Python39\Scripts\;C:\Users\hai\AppData\Local\Programs\Python\Python39\;C:\Users\hai\AppData\Local\Microsoft\WindowsApps;;C:\Users\hai\AppData\Local\Programs\Microsoft VS Code\bin;C:\Program Files\Azure Data Studio\bin;C:\Users\hai\eclipse\jee-2020-12\eclipse;
USERNAME=hai
OS=Windows_NT
PROCESSOR_IDENTIFIER=Intel64 Family 6 Model 61 Stepping 4, GenuineIntel



---------------  S Y S T E M  ---------------

OS:
 Windows 10 , 64 bit Build 19041 (10.0.19041.928)
OS uptime: 0 days 2:59 hours

CPU: total 4 (initial active 4) (2 cores per cpu, 2 threads per core) family 6 model 61 stepping 4 microcode 0x2d, cmov, cx8, fxsr, mmx, sse, sse2, sse3, ssse3, sse4.1, sse4.2, popcnt, vzeroupper, avx, avx2, aes, clmul, erms, 3dnowpref, lzcnt, ht, tsc, tscinvbit, bmi1, bmi2, adx, fma, clflush

Memory: 4k page, system-wide physical 8091M (704M free)
TotalPageFile size 22326M (AvailPageFile size 90M)
current process WorkingSet (physical memory assigned to process): 10M, peak: 10M
current process commit charge ("private bytes"): 51M, peak: 179M

vm_info: OpenJDK 64-Bit Server VM (15.0.1+9-18) for windows-amd64 JRE (15.0.1+9-18), built on Sep 15 2020 14:39:31 by "mach5one" with unknown MS VC++:1925

END.
